<?xml version="1.0" encoding="UTF-8"?>
<!-- Generated by org.testng.reporters.JUnitXMLReporter -->
<testsuite ignored="1" hostname="LAPTOP-AI2V30RF" failures="0" tests="1" name="Default test" time="20.127" errors="0" timestamp="2022-08-21T15:07:49 IST">
  <testcase classname="Frameworks.BlazeDemoTest" name="deleteMe" time="17.147"/>
  <testcase classname="Frameworks.BlazeDemoTest" name="verifyTotalFlightOptionsAreFive" time="0.0">
    <ignored/>
  </testcase> <!-- verifyTotalFlightOptionsAreFive -->
</testsuite> <!-- Default test -->
