<?xml version="1.0" encoding="UTF-8"?>
<!-- Generated by org.testng.reporters.JUnitXMLReporter -->
<testsuite ignored="0" hostname="LAPTOP-AI2V30RF" failures="0" tests="4" name="BlazeDemoLoginTest" time="32.652" errors="0" timestamp="2022-08-31T22:22:22 IST">
  <testcase classname="Frameworks.tests.BlazeDemoLoginTest" name="verifyApplicationDisplaysPageExpiredUponLoggingIn" time="7.434"/>
  <testcase classname="Frameworks.tests.BlazeDemoLoginTest" name="verifyForgotPasswordPageIsOpeningUponClickingOnForgotPasswordButton" time="7.37"/>
  <testcase classname="Frameworks.tests.BlazeDemoLoginTest" name="verifyJsonTestDataTestCase" time="2.579"/>
  <testcase classname="Frameworks.tests.BlazeDemoLoginTest" name="verifyJsonTestDataTestCase" time="2.503"/>
</testsuite> <!-- BlazeDemoLoginTest -->
