<?xml version="1.0" encoding="UTF-8"?>
<!-- Generated by org.testng.reporters.JUnitXMLReporter -->
<testsuite ignored="0" hostname="LAPTOP-AI2V30RF" failures="0" tests="2" name="BlazeDemoLoginTest" time="13.44" errors="0" timestamp="2022-08-21T21:46:16 IST">
  <testcase classname="Frameworks.BlazeDemoLoginTest" name="verifyApplicationDisplaysPageExpiredUponLoggingIn" time="2.761"/>
  <testcase classname="Frameworks.BlazeDemoLoginTest" name="verifyForgotPasswordPageIsOpeningUponClickingOnForgotPasswordButton" time="6.92"/>
</testsuite> <!-- BlazeDemoLoginTest -->
