<?xml version="1.0" encoding="UTF-8"?>
<!-- Generated by org.testng.reporters.JUnitXMLReporter -->
<testsuite ignored="0" hostname="LAPTOP-AI2V30RF" failures="0" tests="4" name="BlazeDemoLoginTest" time="25.247" errors="0" timestamp="2022-08-31T22:32:59 IST">
  <testcase classname="Frameworks.tests.BlazeDemoLoginTest" name="verifyApplicationDisplaysPageExpiredUponLoggingIn" time="3.201"/>
  <testcase classname="Frameworks.tests.BlazeDemoLoginTest" name="verifyForgotPasswordPageIsOpeningUponClickingOnForgotPasswordButton" time="7.291"/>
  <testcase classname="Frameworks.tests.BlazeDemoLoginTest" name="verifyJsonTestDataTestCase" time="2.489"/>
  <testcase classname="Frameworks.tests.BlazeDemoLoginTest" name="verifyJsonTestDataTestCase" time="2.414"/>
</testsuite> <!-- BlazeDemoLoginTest -->
