<?xml version="1.0" encoding="UTF-8"?>
<!-- Generated by org.testng.reporters.JUnitXMLReporter -->
<testsuite ignored="0" hostname="LAPTOP-AI2V30RF" failures="0" tests="2" name="BlazeDemoWebSiteTest" time="5.02" errors="0" timestamp="2022-08-21T21:46:08 IST">
  <testcase classname="Frameworks.BlazeDemoTest" name="verifyThatApplicationDisplaysCorrectDepartureAndDropdownInFlightOptionsPage" time="0.76"/>
  <testcase classname="Frameworks.BlazeDemoTest" name="verifyTotalFlightOptionsAreFive" time="0.665"/>
</testsuite> <!-- BlazeDemoWebSiteTest -->
