<?xml version="1.0" encoding="UTF-8"?>
<testng-results ignored="0" total="3" passed="2" failed="1" skipped="0">
  <reporter-output>
  </reporter-output>
  <suite started-at="2022-08-20T22:08:09 IST" name="Suite" finished-at="2022-08-20T22:08:23 IST" duration-ms="13569">
    <groups>
    </groups>
    <test started-at="2022-08-20T22:08:09 IST" name="BlazeDemoWebSiteTest" finished-at="2022-08-20T22:08:13 IST" duration-ms="4072">
      <class name="Frameworks.BlazeDemoTest">
        <test-method is-config="true" signature="initializeDriverAndBrowser()[pri:0, instance:Frameworks.BlazeDemoTest@15c25153]" started-at="2022-08-20T22:08:09 IST" name="initializeDriverAndBrowser" finished-at="2022-08-20T22:08:12 IST" duration-ms="2722" status="PASS">
          <reporter-output>
          </reporter-output>
        </test-method> <!-- initializeDriverAndBrowser -->
        <test-method is-config="true" signature="reloadWebPage()[pri:0, instance:Frameworks.BlazeDemoTest@15c25153]" started-at="2022-08-20T22:08:12 IST" name="reloadWebPage" finished-at="2022-08-20T22:08:12 IST" duration-ms="498" status="PASS">
          <reporter-output>
          </reporter-output>
        </test-method> <!-- reloadWebPage -->
        <test-method signature="verifyTotalFlightOptionsAreFive()[pri:0, instance:Frameworks.BlazeDemoTest@15c25153]" started-at="2022-08-20T22:08:12 IST" name="verifyTotalFlightOptionsAreFive" finished-at="2022-08-20T22:08:13 IST" duration-ms="782" status="PASS">
          <reporter-output>
          </reporter-output>
        </test-method> <!-- verifyTotalFlightOptionsAreFive -->
        <test-method is-config="true" signature="tearDown()[pri:0, instance:Frameworks.BlazeDemoTest@15c25153]" started-at="2022-08-20T22:08:13 IST" name="tearDown" finished-at="2022-08-20T22:08:13 IST" duration-ms="44" status="PASS">
          <reporter-output>
          </reporter-output>
        </test-method> <!-- tearDown -->
      </class> <!-- Frameworks.BlazeDemoTest -->
    </test> <!-- BlazeDemoWebSiteTest -->
    <test started-at="2022-08-20T22:08:09 IST" name="BlazeDemoLoginTest" finished-at="2022-08-20T22:08:23 IST" duration-ms="13569">
      <class name="Frameworks.BlazeDemoLoginTest">
        <test-method is-config="true" signature="initializeDriverAndBrowser()[pri:0, instance:Frameworks.BlazeDemoLoginTest@71ae31b0]" started-at="2022-08-20T22:08:09 IST" name="initializeDriverAndBrowser" finished-at="2022-08-20T22:08:12 IST" duration-ms="2726" status="PASS">
          <reporter-output>
          </reporter-output>
        </test-method> <!-- initializeDriverAndBrowser -->
        <test-method is-config="true" signature="reloadWebPage()[pri:0, instance:Frameworks.BlazeDemoLoginTest@71ae31b0]" started-at="2022-08-20T22:08:12 IST" name="reloadWebPage" finished-at="2022-08-20T22:08:12 IST" duration-ms="500" status="PASS">
          <reporter-output>
          </reporter-output>
        </test-method> <!-- reloadWebPage -->
        <test-method signature="verifyApplicationDisplaysPageExpiredUponLoggingIn(java.lang.String,java.lang.String,java.lang.String)[pri:0, instance:Frameworks.BlazeDemoLoginTest@71ae31b0]" started-at="2022-08-20T22:08:12 IST" name="verifyApplicationDisplaysPageExpiredUponLoggingIn" data-provider="getData" finished-at="2022-08-20T22:08:15 IST" duration-ms="2948" status="FAIL">
          <params>
            <param index="0">
              <value>
                <![CDATA[abc@test.com]]>
              </value>
            </param>
            <param index="1">
              <value>
                <![CDATA[1234]]>
              </value>
            </param>
            <param index="2">
              <value>
                <![CDATA[Page Expired12]]>
              </value>
            </param>
          </params>
          <exception class="java.lang.AssertionError">
            <message>
              <![CDATA[expected [true] but found [false]]]>
            </message>
            <full-stacktrace>
              <![CDATA[java.lang.AssertionError: expected [true] but found [false]
at org.testng.Assert.fail(Assert.java:110)
at org.testng.Assert.failNotEquals(Assert.java:1413)
at org.testng.Assert.assertTrue(Assert.java:56)
at org.testng.Assert.assertTrue(Assert.java:66)
at Frameworks.BlazeDemoLoginTest.verifyApplicationDisplaysPageExpiredUponLoggingIn(BlazeDemoLoginTest.java:58)
at java.base/jdk.internal.reflect.NativeMethodAccessorImpl.invoke0(Native Method)
at java.base/jdk.internal.reflect.NativeMethodAccessorImpl.invoke(NativeMethodAccessorImpl.java:77)
at java.base/jdk.internal.reflect.DelegatingMethodAccessorImpl.invoke(DelegatingMethodAccessorImpl.java:43)
at java.base/java.lang.reflect.Method.invoke(Method.java:568)
at org.testng.internal.invokers.MethodInvocationHelper.invokeMethod(MethodInvocationHelper.java:135)
at org.testng.internal.invokers.TestInvoker.invokeMethod(TestInvoker.java:673)
at org.testng.internal.invokers.TestInvoker.invokeTestMethod(TestInvoker.java:220)
at org.testng.internal.invokers.MethodRunner.runInSequence(MethodRunner.java:50)
at org.testng.internal.invokers.TestInvoker$MethodInvocationAgent.invoke(TestInvoker.java:945)
at org.testng.internal.invokers.TestInvoker.invokeTestMethods(TestInvoker.java:193)
at org.testng.internal.invokers.TestMethodWorker.invokeTestMethods(TestMethodWorker.java:146)
at org.testng.internal.invokers.TestMethodWorker.run(TestMethodWorker.java:128)
at java.base/java.util.ArrayList.forEach(ArrayList.java:1511)
at org.testng.TestRunner.privateRun(TestRunner.java:808)
at org.testng.TestRunner.run(TestRunner.java:603)
at org.testng.SuiteRunner.runTest(SuiteRunner.java:429)
at org.testng.SuiteRunner.access$000(SuiteRunner.java:32)
at org.testng.SuiteRunner$SuiteWorker.run(SuiteRunner.java:467)
at org.testng.internal.thread.ThreadUtil.lambda$execute$0(ThreadUtil.java:58)
at java.base/java.util.concurrent.FutureTask.run(FutureTask.java:264)
at java.base/java.util.concurrent.ThreadPoolExecutor.runWorker(ThreadPoolExecutor.java:1136)
at java.base/java.util.concurrent.ThreadPoolExecutor$Worker.run(ThreadPoolExecutor.java:635)
at java.base/java.lang.Thread.run(Thread.java:833)
]]>
            </full-stacktrace>
          </exception> <!-- java.lang.AssertionError -->
          <reporter-output>
          </reporter-output>
        </test-method> <!-- verifyApplicationDisplaysPageExpiredUponLoggingIn -->
        <test-method is-config="true" signature="reloadWebPage()[pri:0, instance:Frameworks.BlazeDemoLoginTest@71ae31b0]" started-at="2022-08-20T22:08:15 IST" name="reloadWebPage" finished-at="2022-08-20T22:08:16 IST" duration-ms="427" status="PASS">
          <reporter-output>
          </reporter-output>
        </test-method> <!-- reloadWebPage -->
        <test-method signature="verifyForgotPasswordPageIsOpeningUponClickingOnForgotPasswordButton()[pri:0, instance:Frameworks.BlazeDemoLoginTest@71ae31b0]" started-at="2022-08-20T22:08:16 IST" name="verifyForgotPasswordPageIsOpeningUponClickingOnForgotPasswordButton" finished-at="2022-08-20T22:08:22 IST" duration-ms="6816" status="PASS">
          <reporter-output>
          </reporter-output>
        </test-method> <!-- verifyForgotPasswordPageIsOpeningUponClickingOnForgotPasswordButton -->
        <test-method is-config="true" signature="tearDown()[pri:0, instance:Frameworks.BlazeDemoLoginTest@71ae31b0]" started-at="2022-08-20T22:08:22 IST" name="tearDown" finished-at="2022-08-20T22:08:23 IST" duration-ms="34" status="PASS">
          <reporter-output>
          </reporter-output>
        </test-method> <!-- tearDown -->
      </class> <!-- Frameworks.BlazeDemoLoginTest -->
    </test> <!-- BlazeDemoLoginTest -->
  </suite> <!-- Suite -->
</testng-results>
