<?xml version="1.0" encoding="UTF-8"?>
<testng-results ignored="0" total="4" passed="4" failed="0" skipped="0">
  <reporter-output>
  </reporter-output>
  <suite started-at="2022-08-21T21:46:03 IST" name="Suite" finished-at="2022-08-21T21:46:16 IST" duration-ms="13440">
    <groups>
    </groups>
    <test started-at="2022-08-21T21:46:03 IST" name="BlazeDemoWebSiteTest" finished-at="2022-08-21T21:46:08 IST" duration-ms="5020">
      <class name="Frameworks.BlazeDemoTest">
        <test-method is-config="true" signature="initializeDriverAndBrowser()[pri:0, instance:Frameworks.BlazeDemoTest@4d098f9b]" started-at="2022-08-21T21:46:03 IST" name="initializeDriverAndBrowser" finished-at="2022-08-21T21:46:05 IST" duration-ms="2583" status="PASS">
          <reporter-output>
          </reporter-output>
        </test-method> <!-- initializeDriverAndBrowser -->
        <test-method is-config="true" signature="reloadWebPage()[pri:0, instance:Frameworks.BlazeDemoTest@4d098f9b]" started-at="2022-08-21T21:46:05 IST" name="reloadWebPage" finished-at="2022-08-21T21:46:06 IST" duration-ms="420" status="PASS">
          <reporter-output>
          </reporter-output>
        </test-method> <!-- reloadWebPage -->
        <test-method signature="verifyThatApplicationDisplaysCorrectDepartureAndDropdownInFlightOptionsPage()[pri:0, instance:Frameworks.BlazeDemoTest@4d098f9b]" started-at="2022-08-21T21:46:06 IST" name="verifyThatApplicationDisplaysCorrectDepartureAndDropdownInFlightOptionsPage" finished-at="2022-08-21T21:46:07 IST" duration-ms="760" status="PASS">
          <reporter-output>
          </reporter-output>
        </test-method> <!-- verifyThatApplicationDisplaysCorrectDepartureAndDropdownInFlightOptionsPage -->
        <test-method is-config="true" signature="reloadWebPage()[pri:0, instance:Frameworks.BlazeDemoTest@4d098f9b]" started-at="2022-08-21T21:46:07 IST" name="reloadWebPage" finished-at="2022-08-21T21:46:07 IST" duration-ms="545" status="PASS">
          <reporter-output>
          </reporter-output>
        </test-method> <!-- reloadWebPage -->
        <test-method signature="verifyTotalFlightOptionsAreFive()[pri:0, instance:Frameworks.BlazeDemoTest@4d098f9b]" started-at="2022-08-21T21:46:07 IST" name="verifyTotalFlightOptionsAreFive" finished-at="2022-08-21T21:46:08 IST" duration-ms="665" status="PASS">
          <reporter-output>
          </reporter-output>
        </test-method> <!-- verifyTotalFlightOptionsAreFive -->
        <test-method is-config="true" signature="tearDown()[pri:0, instance:Frameworks.BlazeDemoTest@4d098f9b]" started-at="2022-08-21T21:46:08 IST" name="tearDown" finished-at="2022-08-21T21:46:08 IST" duration-ms="40" status="PASS">
          <reporter-output>
          </reporter-output>
        </test-method> <!-- tearDown -->
      </class> <!-- Frameworks.BlazeDemoTest -->
    </test> <!-- BlazeDemoWebSiteTest -->
    <test started-at="2022-08-21T21:46:03 IST" name="BlazeDemoLoginTest" finished-at="2022-08-21T21:46:16 IST" duration-ms="13440">
      <class name="Frameworks.BlazeDemoLoginTest">
        <test-method is-config="true" signature="initializeDriverAndBrowser()[pri:0, instance:Frameworks.BlazeDemoLoginTest@34625ccd]" started-at="2022-08-21T21:46:03 IST" name="initializeDriverAndBrowser" finished-at="2022-08-21T21:46:05 IST" duration-ms="2491" status="PASS">
          <reporter-output>
          </reporter-output>
        </test-method> <!-- initializeDriverAndBrowser -->
        <test-method is-config="true" signature="reloadWebPage()[pri:0, instance:Frameworks.BlazeDemoLoginTest@34625ccd]" started-at="2022-08-21T21:46:05 IST" name="reloadWebPage" finished-at="2022-08-21T21:46:06 IST" duration-ms="409" status="PASS">
          <reporter-output>
          </reporter-output>
        </test-method> <!-- reloadWebPage -->
        <test-method signature="verifyApplicationDisplaysPageExpiredUponLoggingIn(java.lang.String,java.lang.String,java.lang.String)[pri:0, instance:Frameworks.BlazeDemoLoginTest@34625ccd]" started-at="2022-08-21T21:46:06 IST" name="verifyApplicationDisplaysPageExpiredUponLoggingIn" data-provider="getData" finished-at="2022-08-21T21:46:08 IST" duration-ms="2761" status="PASS">
          <params>
            <param index="0">
              <value>
                <![CDATA[abc@test.com]]>
              </value>
            </param>
            <param index="1">
              <value>
                <![CDATA[1234]]>
              </value>
            </param>
            <param index="2">
              <value>
                <![CDATA[Page Expired]]>
              </value>
            </param>
          </params>
          <reporter-output>
          </reporter-output>
        </test-method> <!-- verifyApplicationDisplaysPageExpiredUponLoggingIn -->
        <test-method is-config="true" signature="reloadWebPage()[pri:0, instance:Frameworks.BlazeDemoLoginTest@34625ccd]" started-at="2022-08-21T21:46:08 IST" name="reloadWebPage" finished-at="2022-08-21T21:46:09 IST" duration-ms="775" status="PASS">
          <reporter-output>
          </reporter-output>
        </test-method> <!-- reloadWebPage -->
        <test-method signature="verifyForgotPasswordPageIsOpeningUponClickingOnForgotPasswordButton()[pri:0, instance:Frameworks.BlazeDemoLoginTest@34625ccd]" started-at="2022-08-21T21:46:09 IST" name="verifyForgotPasswordPageIsOpeningUponClickingOnForgotPasswordButton" finished-at="2022-08-21T21:46:16 IST" duration-ms="6920" status="PASS">
          <reporter-output>
          </reporter-output>
        </test-method> <!-- verifyForgotPasswordPageIsOpeningUponClickingOnForgotPasswordButton -->
        <test-method is-config="true" signature="tearDown()[pri:0, instance:Frameworks.BlazeDemoLoginTest@34625ccd]" started-at="2022-08-21T21:46:16 IST" name="tearDown" finished-at="2022-08-21T21:46:16 IST" duration-ms="60" status="PASS">
          <reporter-output>
          </reporter-output>
        </test-method> <!-- tearDown -->
      </class> <!-- Frameworks.BlazeDemoLoginTest -->
    </test> <!-- BlazeDemoLoginTest -->
  </suite> <!-- Suite -->
</testng-results>
