<?xml version="1.0" encoding="UTF-8"?>
<testsuite xmlns:xsi="http://www.w3.org/2001/XMLSchema-instance" xsi:noNamespaceSchemaLocation="https://maven.apache.org/surefire/maven-surefire-plugin/xsd/surefire-test-report-3.0.xsd" version="3.0" name="TestSuite" time="26.268" tests="7" errors="0" skipped="1" failures="1">
  <properties>
[...]
</properties>
  <testcase name="verifyThatApplicationDisplaysCorrectDepartureAndDropdownInFlightOptionsPage" classname="Frameworks.tests.BlazeDemoTest" time="0">
    <skipped message="expected [Flights from Paris to Buenos Aires:] but found [Flights from Boston to Rome:]"/>
    <system-err><![CDATA[SLF4J: Failed to load class "org.slf4j.impl.StaticLoggerBinder".
SLF4J: Defaulting to no-operation (NOP) logger implementation
SLF4J: See http://www.slf4j.org/codes.html#StaticLoggerBinder for further details.
Starting ChromeDriver 104.0.5112.79 (3cf3e8c8a07d104b9e1260c910efb8f383285dc5-refs/branch-heads/5112@{#1307}) Sotan rportt i5n11g8 7C
hOrnloym elDocrailv ceorn n1e0c4t.i0on.s5 1ar1e2 .a7l9l o(w3ecdf.3
eP8lce8asae07 ds1e0e4 bht9tep1s2:6/0/cc9h1rom0eedrfivber.c8hrfo3m8iu3m2.8org/sec5udrityc-co5ns-irdeerfsa/tbiroannsc hf-ohre asdugsg/e5s1t1i2o@n{s# 1o3n0 7k}e)e poinn gp oCrhtr o5m4e5D7r4iv
eOrn lsya fleo.cal connections are allowed.
Please see https://chro
medrCihvreorm.ecDhrirovmeiru mw.aosr gs/tasretcedu rsiutcyc-ecsosfnuslliy.de
rations for suggestions on keeping ChromeDriver safe.
ChromeDriver was started successfully.
[[116661696159365553.5056.80]6[7W]AR[NWIANRG]N:I NTGh]i:s  Tvherissi ovne rosfi oCnh roofm eCDhrirvoemre Dharsi vneort  hbas neot ebne etne stteesd tweidt hw iCthrho mCeh rvoemres ivoenr s1i05o.n 
105.
Aug 31, 2022 10:32:35 PM org.openqa.selenium.remote.ProtocolHandshake createSession
INFO: Detected upstream dialect: W3C
Aug 31, 2022 10:32:35 PM org.openqa.selenium.remote.ProtocolHandshake createSession
INFO: Detected upstream dialect: W3C
Aug 31, 2022 10:32:35 PM org.openqa.selenium.devtools.CdpVersionFinder findNearestMatch
WARNING: Unable to find an exact match for CDP version 105, so returning the closest version found: 103
Aug 31, 2022 10:32:35 PM org.openqa.selenium.devtools.CdpVersionFinder findNearestMatch
WARNING: Unable to find an exact match for CDP version 105, so returning the closest version found: 103
Aug 31, 2022 10:32:35 PM org.openqa.selenium.devtools.CdpVersionFinder findNearestMatch
INFO: Found CDP implementation for version 105 of 103
Aug 31, 2022 10:32:35 PM org.openqa.selenium.devtools.CdpVersionFinder findNearestMatch
INFO: Found CDP implementation for version 105 of 103
]]></system-err>
  </testcase>
  <testcase name="verifyThatApplicationDisplaysCorrectDepartureAndDropdownInFlightOptionsPage" classname="Frameworks.tests.BlazeDemoTest" time="0.971">
    <failure message="expected [Flights from Paris to Buenos Aires:] but found [Flights from Boston to Rome:]" type="java.lang.AssertionError"><![CDATA[java.lang.AssertionError: expected [Flights from Paris to Buenos Aires:] but found [Flights from Boston to Rome:]
	at org.testng.Assert.fail(Assert.java:110)
	at org.testng.Assert.failNotEquals(Assert.java:1413)
	at org.testng.Assert.assertEqualsImpl(Assert.java:149)
	at org.testng.Assert.assertEquals(Assert.java:131)
	at org.testng.Assert.assertEquals(Assert.java:655)
	at org.testng.Assert.assertEquals(Assert.java:665)
	at Frameworks.tests.BlazeDemoTest.verifyThatApplicationDisplaysCorrectDepartureAndDropdownInFlightOptionsPage(BlazeDemoTest.java:67)
	at java.base/jdk.internal.reflect.NativeMethodAccessorImpl.invoke0(Native Method)
	at java.base/jdk.internal.reflect.NativeMethodAccessorImpl.invoke(NativeMethodAccessorImpl.java:77)
	at java.base/jdk.internal.reflect.DelegatingMethodAccessorImpl.invoke(DelegatingMethodAccessorImpl.java:43)
	at java.base/java.lang.reflect.Method.invoke(Method.java:568)
	at org.testng.internal.invokers.MethodInvocationHelper.invokeMethod(MethodInvocationHelper.java:135)
	at org.testng.internal.invokers.TestInvoker.invokeMethod(TestInvoker.java:673)
	at org.testng.internal.invokers.TestInvoker.retryFailed(TestInvoker.java:262)
	at org.testng.internal.invokers.MethodRunner.runInSequence(MethodRunner.java:62)
	at org.testng.internal.invokers.TestInvoker$MethodInvocationAgent.invoke(TestInvoker.java:945)
	at org.testng.internal.invokers.TestInvoker.invokeTestMethods(TestInvoker.java:193)
	at org.testng.internal.invokers.TestMethodWorker.invokeTestMethods(TestMethodWorker.java:146)
	at org.testng.internal.invokers.TestMethodWorker.run(TestMethodWorker.java:128)
	at java.base/java.util.ArrayList.forEach(ArrayList.java:1511)
	at org.testng.TestRunner.privateRun(TestRunner.java:808)
	at org.testng.TestRunner.run(TestRunner.java:603)
	at org.testng.SuiteRunner.runTest(SuiteRunner.java:429)
	at org.testng.SuiteRunner.access$000(SuiteRunner.java:32)
	at org.testng.SuiteRunner$SuiteWorker.run(SuiteRunner.java:467)
	at org.testng.internal.thread.ThreadUtil.lambda$execute$0(ThreadUtil.java:58)
	at java.base/java.util.concurrent.FutureTask.run(FutureTask.java:264)
	at java.base/java.util.concurrent.ThreadPoolExecutor.runWorker(ThreadPoolExecutor.java:1136)
	at java.base/java.util.concurrent.ThreadPoolExecutor$Worker.run(ThreadPoolExecutor.java:635)
	at java.base/java.lang.Thread.run(Thread.java:833)
]]></failure>
    <system-err><![CDATA[Starting ChromeDriver 104.0.5112.79 (3cf3e8c8a07d104b9e1260c910efb8f383285dc5-refs/branch-heads/5112@{#1307}) on port 53967
Only local connections are allowed.
Please see https://chromedriver.chromium.org/security-considerations for suggestions on keeping ChromeDriver safe.
ChromeDriver was started successfully.
]]></system-err>
  </testcase>
  <testcase name="verifyTotalFlightOptionsAreFive" classname="Frameworks.tests.BlazeDemoTest" time="0.719">
    <system-err><![CDATA[[1661965360.712][WARNING]: This version of ChromeDriver has not been tested with Chrome version 105.
Aug 31, 2022 10:32:40 PM org.openqa.selenium.remote.ProtocolHandshake createSession
INFO: Detected upstream dialect: W3C
Aug 31, 2022 10:32:40 PM org.openqa.selenium.devtools.CdpVersionFinder findNearestMatch
WARNING: Unable to find an exact match for CDP version 105, so returning the closest version found: 103
Aug 31, 2022 10:32:40 PM org.openqa.selenium.devtools.CdpVersionFinder findNearestMatch
INFO: Found CDP implementation for version 105 of 103
Starting ChromeDriver 104.0.5112.79 (3cf3e8c8a07d104b9e1260c910efb8f383285dc5-refs/branch-heads/5112@{#1307}) on port 54482
Only local connections are allowed.
Please see https://chromedriver.chromium.org/security-considerations for suggestions on keeping ChromeDriver safe.
ChromeDriver was started successfully.
[1661965361.278][WARNING]: This version of ChromeDriver has not been tested with Chrome version 105.
Aug 31, 2022 10:32:41 PM org.openqa.selenium.remote.ProtocolHandshake createSession
INFO: Detected upstream dialect: W3C
Aug 31, 2022 10:32:41 PM org.openqa.selenium.devtools.CdpVersionFinder findNearestMatch
WARNING: Unable to find an exact match for CDP version 105, so returning the closest version found: 103
Aug 31, 2022 10:32:41 PM org.openqa.selenium.devtools.CdpVersionFinder findNearestMatch
INFO: Found CDP implementation for version 105 of 103
]]></system-err>
  </testcase>
  <testcase name="verifyApplicationDisplaysPageExpiredUponLoggingIn[abc@test.com, 1234, Page Expired](1)" classname="Frameworks.tests.BlazeDemoLoginTest" time="0.395">
    <system-err><![CDATA[Starting ChromeDriver 104.0.5112.79 (3cf3e8c8a07d104b9e1260c910efb8f383285dc5-refs/branch-heads/5112@{#1307}) on port 56539
Only local connections are allowed.
Please see https://chromedriver.chromium.org/security-considerations for suggestions on keeping ChromeDriver safe.
ChromeDriver was started successfully.
[1661965358.248][WARNING]: This version of ChromeDriver has not been tested with Chrome version 105.
Aug 31, 2022 10:32:38 PM org.openqa.selenium.remote.ProtocolHandshake createSession
INFO: Detected upstream dialect: W3C
Aug 31, 2022 10:32:38 PM org.openqa.selenium.devtools.CdpVersionFinder findNearestMatch
WARNING: Unable to find an exact match for CDP version 105, so returning the closest version found: 103
Aug 31, 2022 10:32:38 PM org.openqa.selenium.devtools.CdpVersionFinder findNearestMatch
INFO: Found CDP implementation for version 105 of 103
]]></system-err>
  </testcase>
  <testcase name="verifyForgotPasswordPageIsOpeningUponClickingOnForgotPasswordButton" classname="Frameworks.tests.BlazeDemoLoginTest" time="6.635"/>
  <testcase name="verifyJsonTestDataTestCase[{password=1234, text=Page Expired, email=abc@test.com}](1)" classname="Frameworks.tests.BlazeDemoLoginTest" time="2.488">
    <system-err><![CDATA[Starting ChromeDriver 104.0.5112.79 (3cf3e8c8a07d104b9e1260c910efb8f383285dc5-refs/branch-heads/5112@{#1307}) on port 60638
Only local connections are allowed.
Please see https://chromedriver.chromium.org/security-considerations for suggestions on keeping ChromeDriver safe.
ChromeDriver was started successfully.
[1661965370.606][WARNING]: This version of ChromeDriver has not been tested with Chrome version 105.
Aug 31, 2022 10:32:50 PM org.openqa.selenium.remote.ProtocolHandshake createSession
INFO: Detected upstream dialect: W3C
Aug 31, 2022 10:32:50 PM org.openqa.selenium.devtools.CdpVersionFinder findNearestMatch
WARNING: Unable to find an exact match for CDP version 105, so returning the closest version found: 103
Aug 31, 2022 10:32:50 PM org.openqa.selenium.devtools.CdpVersionFinder findNearestMatch
INFO: Found CDP implementation for version 105 of 103
]]></system-err>
  </testcase>
  <testcase name="verifyJsonTestDataTestCase[{password=abcd, text=Page Expired, email=abc@abc.com}](2)" classname="Frameworks.tests.BlazeDemoLoginTest" time="2.413">
    <system-err><![CDATA[Starting ChromeDriver 104.0.5112.79 (3cf3e8c8a07d104b9e1260c910efb8f383285dc5-refs/branch-heads/5112@{#1307}) on port 61744
Only local connections are allowed.
Please see https://chromedriver.chromium.org/security-considerations for suggestions on keeping ChromeDriver safe.
ChromeDriver was started successfully.
[1661965375.175][WARNING]: This version of ChromeDriver has not been tested with Chrome version 105.
Aug 31, 2022 10:32:55 PM org.openqa.selenium.remote.ProtocolHandshake createSession
INFO: Detected upstream dialect: W3C
Aug 31, 2022 10:32:55 PM org.openqa.selenium.devtools.CdpVersionFinder findNearestMatch
WARNING: Unable to find an exact match for CDP version 105, so returning the closest version found: 103
Aug 31, 2022 10:32:55 PM org.openqa.selenium.devtools.CdpVersionFinder findNearestMatch
INFO: Found CDP implementation for version 105 of 103
]]></system-err>
  </testcase>
</testsuite>