<?xml version="1.0" encoding="UTF-8"?>
<testng-results ignored="1" total="2" passed="1" failed="0" skipped="0">
  <reporter-output>
  </reporter-output>
  <suite started-at="2022-08-21T21:44:49 IST" name="Default suite" finished-at="2022-08-21T21:44:53 IST" duration-ms="4103">
    <groups>
    </groups>
    <test started-at="2022-08-21T21:44:49 IST" name="Default test" finished-at="2022-08-21T21:44:53 IST" duration-ms="4103">
      <class name="Frameworks.BlazeDemoTest">
        <test-method is-config="true" signature="initializeDriverAndBrowser()[pri:0, instance:Frameworks.BlazeDemoTest@3ce3db41]" started-at="2022-08-21T21:44:49 IST" name="initializeDriverAndBrowser" finished-at="2022-08-21T21:44:51 IST" duration-ms="2359" status="PASS">
          <reporter-output>
          </reporter-output>
        </test-method> <!-- initializeDriverAndBrowser -->
        <test-method is-config="true" signature="reloadWebPage()[pri:0, instance:Frameworks.BlazeDemoTest@3ce3db41]" started-at="2022-08-21T21:44:51 IST" name="reloadWebPage" finished-at="2022-08-21T21:44:52 IST" duration-ms="831" status="PASS">
          <reporter-output>
          </reporter-output>
        </test-method> <!-- reloadWebPage -->
        <test-method signature="verifyThatApplicationDisplaysCorrectDepartureAndDropdownInFlightOptionsPage()[pri:0, instance:Frameworks.BlazeDemoTest@3ce3db41]" started-at="2022-08-21T21:44:52 IST" name="verifyThatApplicationDisplaysCorrectDepartureAndDropdownInFlightOptionsPage" finished-at="2022-08-21T21:44:53 IST" duration-ms="826" status="PASS">
          <reporter-output>
          </reporter-output>
        </test-method> <!-- verifyThatApplicationDisplaysCorrectDepartureAndDropdownInFlightOptionsPage -->
        <test-method is-config="true" signature="tearDown()[pri:0, instance:Frameworks.BlazeDemoTest@3ce3db41]" started-at="2022-08-21T21:44:53 IST" name="tearDown" finished-at="2022-08-21T21:44:53 IST" duration-ms="50" status="PASS">
          <reporter-output>
          </reporter-output>
        </test-method> <!-- tearDown -->
      </class> <!-- Frameworks.BlazeDemoTest -->
    </test> <!-- Default test -->
  </suite> <!-- Default suite -->
</testng-results>
